<?xml version="1.0" encoding="UTF-8"?>
<!-- Generated by org.testng.reporters.JUnitReportReporter -->
<testsuite skipped="0" hostname="DESKTOP-1D24U7H" name="com.bank.AppTest" tests="1" failures="0" timestamp="2022-05-12T12:19:01 BST" time="0.020" errors="0">
  <testcase name="shouldAnswerWithTrue" time="0.020" classname="com.bank.AppTest"/>
  <system-out/>
</testsuite> <!-- com.bank.AppTest -->
